
Circuit 1 cell sky130_fd_pr__pfet_g5v0d10v5 and Circuit 2 cell sky130_fd_pr__pfet_g5v0d10v5 are black boxes.
Warning: Equate pins:  cell sky130_fd_pr__pfet_g5v0d10v5 is a placeholder, treated as a black box.
Warning: Equate pins:  cell sky130_fd_pr__pfet_g5v0d10v5 is a placeholder, treated as a black box.

Subcircuit pins:
Circuit 1: sky130_fd_pr__pfet_g5v0d10v5    |Circuit 2: sky130_fd_pr__pfet_g5v0d10v5    
-------------------------------------------|-------------------------------------------
1                                          |1                                          
2                                          |2                                          
3                                          |3                                          
4                                          |4                                          
---------------------------------------------------------------------------------------
Cell pin lists are equivalent.
Device classes sky130_fd_pr__pfet_g5v0d10v5 and sky130_fd_pr__pfet_g5v0d10v5 are equivalent.

Circuit 1 cell sky130_fd_pr__nfet_g5v0d10v5 and Circuit 2 cell sky130_fd_pr__nfet_g5v0d10v5 are black boxes.
Warning: Equate pins:  cell sky130_fd_pr__nfet_g5v0d10v5 is a placeholder, treated as a black box.
Warning: Equate pins:  cell sky130_fd_pr__nfet_g5v0d10v5 is a placeholder, treated as a black box.

Subcircuit pins:
Circuit 1: sky130_fd_pr__nfet_g5v0d10v5    |Circuit 2: sky130_fd_pr__nfet_g5v0d10v5    
-------------------------------------------|-------------------------------------------
1                                          |1                                          
2                                          |2                                          
3                                          |3                                          
4                                          |4                                          
---------------------------------------------------------------------------------------
Cell pin lists are equivalent.
Device classes sky130_fd_pr__nfet_g5v0d10v5 and sky130_fd_pr__nfet_g5v0d10v5 are equivalent.

Circuit 1 cell sky130_fd_pr__nfet_05v0_nvt and Circuit 2 cell sky130_fd_pr__nfet_05v0_nvt are black boxes.
Warning: Equate pins:  cell sky130_fd_pr__nfet_05v0_nvt is a placeholder, treated as a black box.
Warning: Equate pins:  cell sky130_fd_pr__nfet_05v0_nvt is a placeholder, treated as a black box.

Subcircuit pins:
Circuit 1: sky130_fd_pr__nfet_05v0_nvt     |Circuit 2: sky130_fd_pr__nfet_05v0_nvt     
-------------------------------------------|-------------------------------------------
1                                          |1                                          
2                                          |2                                          
3                                          |3                                          
4                                          |4                                          
---------------------------------------------------------------------------------------
Cell pin lists are equivalent.
Device classes sky130_fd_pr__nfet_05v0_nvt and sky130_fd_pr__nfet_05v0_nvt are equivalent.

Circuit 1 cell sky130_fd_pr__res_high_po_1p41 and Circuit 2 cell sky130_fd_pr__res_high_po_1p41 are black boxes.
Warning: Equate pins:  cell sky130_fd_pr__res_high_po_1p41 is a placeholder, treated as a black box.
Warning: Equate pins:  cell sky130_fd_pr__res_high_po_1p41 is a placeholder, treated as a black box.

Subcircuit pins:
Circuit 1: sky130_fd_pr__res_high_po_1p41  |Circuit 2: sky130_fd_pr__res_high_po_1p41  
-------------------------------------------|-------------------------------------------
1                                          |1                                          
2                                          |2                                          
3                                          |3                                          
---------------------------------------------------------------------------------------
Cell pin lists are equivalent.
Device classes sky130_fd_pr__res_high_po_1p41 and sky130_fd_pr__res_high_po_1p41 are equivalent.

Circuit 1 cell sky130_fd_pr__nfet_01v8 and Circuit 2 cell sky130_fd_pr__nfet_01v8 are black boxes.
Warning: Equate pins:  cell sky130_fd_pr__nfet_01v8 is a placeholder, treated as a black box.
Warning: Equate pins:  cell sky130_fd_pr__nfet_01v8 is a placeholder, treated as a black box.

Subcircuit pins:
Circuit 1: sky130_fd_pr__nfet_01v8         |Circuit 2: sky130_fd_pr__nfet_01v8         
-------------------------------------------|-------------------------------------------
1                                          |1                                          
2                                          |2                                          
3                                          |3                                          
4                                          |4                                          
---------------------------------------------------------------------------------------
Cell pin lists are equivalent.
Device classes sky130_fd_pr__nfet_01v8 and sky130_fd_pr__nfet_01v8 are equivalent.

Circuit 1 cell sky130_fd_pr__pfet_01v8_hvt and Circuit 2 cell sky130_fd_pr__pfet_01v8_hvt are black boxes.
Warning: Equate pins:  cell sky130_fd_pr__pfet_01v8_hvt is a placeholder, treated as a black box.
Warning: Equate pins:  cell sky130_fd_pr__pfet_01v8_hvt is a placeholder, treated as a black box.

Subcircuit pins:
Circuit 1: sky130_fd_pr__pfet_01v8_hvt     |Circuit 2: sky130_fd_pr__pfet_01v8_hvt     
-------------------------------------------|-------------------------------------------
1                                          |1                                          
2                                          |2                                          
3                                          |3                                          
4                                          |4                                          
---------------------------------------------------------------------------------------
Cell pin lists are equivalent.
Device classes sky130_fd_pr__pfet_01v8_hvt and sky130_fd_pr__pfet_01v8_hvt are equivalent.

Circuit 1 cell sky130_fd_pr__diode_pw2nd_11v0 and Circuit 2 cell sky130_fd_pr__diode_pw2nd_11v0 are black boxes.
Warning: Equate pins:  cell sky130_fd_pr__diode_pw2nd_11v0 is a placeholder, treated as a black box.
Warning: Equate pins:  cell sky130_fd_pr__diode_pw2nd_11v0 is a placeholder, treated as a black box.

Subcircuit pins:
Circuit 1: sky130_fd_pr__diode_pw2nd_11v0  |Circuit 2: sky130_fd_pr__diode_pw2nd_11v0  
-------------------------------------------|-------------------------------------------
1                                          |1                                          
2                                          |2                                          
---------------------------------------------------------------------------------------
Cell pin lists are equivalent.
Device classes sky130_fd_pr__diode_pw2nd_11v0 and sky130_fd_pr__diode_pw2nd_11v0 are equivalent.
Flattening unmatched subcell sky130_fd_pr__pfet_g5v0d10v5_CPKWZQ in circuit comparator_high_gain (0)(2 instances)
Flattening unmatched subcell sky130_fd_pr__pfet_g5v0d10v5_6THU7R in circuit comparator_high_gain (0)(1 instance)
Flattening unmatched subcell sky130_fd_pr__nfet_g5v0d10v5_R6PXNO in circuit comparator_high_gain (0)(2 instances)
Flattening unmatched subcell sky130_fd_pr__nfet_g5v0d10v5_25MXQV in circuit comparator_high_gain (0)(1 instance)
Flattening unmatched subcell sky130_fd_pr__nfet_05v0_nvt_N7RQJ6 in circuit comparator_high_gain (0)(2 instances)
Flattening unmatched subcell sky130_fd_pr__pfet_g5v0d10v5_3P3PJP in circuit comparator_high_gain (0)(1 instance)
Flattening unmatched subcell sky130_fd_pr__pfet_g5v0d10v5_CBUN3Q in circuit comparator_high_gain (0)(1 instance)
Flattening unmatched subcell sky130_fd_pr__pfet_g5v0d10v5_5FCQ7L in circuit comparator_high_gain (0)(1 instance)
Flattening unmatched subcell sky130_fd_pr__nfet_g5v0d10v5_VR3TSB in circuit comparator_high_gain (0)(1 instance)
Flattening unmatched subcell sky130_fd_pr__nfet_g5v0d10v5_D5V3WB in circuit comparator_high_gain (0)(1 instance)
Flattening unmatched subcell sky130_fd_pr__nfet_g5v0d10v5_TEGW2X in circuit comparator_high_gain (0)(1 instance)

Cell comparator_high_gain (0) disconnected node: m2_4679_n3224#
Removing zero-valued device vsrc from cell comparator_high_gain (1) makes a better match
Removing zero-valued device vsrc from cell comparator_high_gain (1) makes a better match
Making another compare attempt.

Cell comparator_high_gain (0) disconnected node: m2_4679_n3224#
Class comparator_high_gain (0):  Merged 33 parallel devices.
Cell comparator_high_gain (0) disconnected node: m2_4679_n3224#
Subcircuit summary:
Circuit 1: comparator_high_gain            |Circuit 2: comparator_high_gain            
-------------------------------------------|-------------------------------------------
sky130_fd_pr__pfet_g5v0d10v5 (12->6)       |sky130_fd_pr__pfet_g5v0d10v5 (9->6)        
sky130_fd_pr__nfet_g5v0d10v5 (15->6)       |sky130_fd_pr__nfet_g5v0d10v5 (14->6)       
sky130_fd_pr__nfet_05v0_nvt (20->2)        |sky130_fd_pr__nfet_05v0_nvt (20->2)        
Number of devices: 14                      |Number of devices: 14                      
Number of nets: 16                         |Number of nets: 16                         
---------------------------------------------------------------------------------------
Netlists match uniquely with port errors.

Subcircuit pins:
Circuit 1: comparator_high_gain            |Circuit 2: comparator_high_gain            
-------------------------------------------|-------------------------------------------
DVDD                                       |DVDD                                       
ena3v3                                     |ena3v3                                     
VSS                                        |VSS                                        
VBN                                        |VBN                                        
VOUT                                       |VOUT                                       
DVSS                                       |DVSS                                       
VINM                                       |VINM                                       
VINP                                       |VINP                                       
w_355_n3243#                               |(no pin, node is net1                      
VDD                                        |VDD                                        
---------------------------------------------------------------------------------------
Cell pin lists for comparator_high_gain and comparator_high_gain altered to match.
Device classes comparator_high_gain and comparator_high_gain are equivalent.
  Flattening non-matched subcircuits comparator_high_gain comparator_high_gain
Flattening unmatched subcell sky130_fd_pr__res_high_po_1p41_3L9D94 in circuit scomp_bias (0)(1 instance)
Flattening unmatched subcell sky130_fd_pr__nfet_g5v0d10v5_35MXHD in circuit scomp_bias (0)(3 instances)
Flattening unmatched subcell sky130_fd_pr__pfet_g5v0d10v5_VXYCT5 in circuit scomp_bias (0)(2 instances)
Flattening unmatched subcell sky130_fd_pr__pfet_g5v0d10v5_G59KN9 in circuit scomp_bias (0)(1 instance)

Class scomp_bias (0):  Merged 4 series devices.
Subcircuit summary:
Circuit 1: scomp_bias                      |Circuit 2: scomp_bias                      
-------------------------------------------|-------------------------------------------
sky130_fd_pr__res_high_po_1p41 (5->1)      |sky130_fd_pr__res_high_po_1p41 (1)         
sky130_fd_pr__nfet_g5v0d10v5 (3)           |sky130_fd_pr__nfet_g5v0d10v5 (3)           
sky130_fd_pr__pfet_g5v0d10v5 (3)           |sky130_fd_pr__pfet_g5v0d10v5 (3)           
Number of devices: 7                       |Number of devices: 7                       
Number of nets: 7                          |Number of nets: 7                          
---------------------------------------------------------------------------------------
Netlists match uniquely.

Subcircuit pins:
Circuit 1: scomp_bias                      |Circuit 2: scomp_bias                      
-------------------------------------------|-------------------------------------------
ena3v3                                     |ena3v3                                     
VDD                                        |VDD                                        
VBN                                        |VBN                                        
VSS                                        |VSS                                        
---------------------------------------------------------------------------------------
Cell pin lists are equivalent.
Device classes scomp_bias and scomp_bias are equivalent.

Class sky130_fd_sc_hvl__lsbuflv2hv_1 (0):  Merged 8 parallel devices.
Class sky130_fd_sc_hvl__lsbuflv2hv_1 (1):  Merged 8 parallel devices.
Subcircuit summary:
Circuit 1: sky130_fd_sc_hvl__lsbuflv2hv_1  |Circuit 2: sky130_fd_sc_hvl__lsbuflv2hv_1  
-------------------------------------------|-------------------------------------------
sky130_fd_pr__nfet_g5v0d10v5 (12->4)       |sky130_fd_pr__nfet_g5v0d10v5 (12->4)       
sky130_fd_pr__pfet_g5v0d10v5 (4)           |sky130_fd_pr__pfet_g5v0d10v5 (4)           
sky130_fd_pr__nfet_01v8 (2)                |sky130_fd_pr__nfet_01v8 (2)                
sky130_fd_pr__pfet_01v8_hvt (2)            |sky130_fd_pr__pfet_01v8_hvt (2)            
Number of devices: 12                      |Number of devices: 12                      
Number of nets: 12                         |Number of nets: 12                         
---------------------------------------------------------------------------------------
Netlists match uniquely.

Subcircuit pins:
Circuit 1: sky130_fd_sc_hvl__lsbuflv2hv_1  |Circuit 2: sky130_fd_sc_hvl__lsbuflv2hv_1  
-------------------------------------------|-------------------------------------------
VPWR                                       |VPWR                                       
VPB                                        |VPB                                        
LVPWR                                      |LVPWR                                      
X                                          |X                                          
A                                          |A                                          
VGND                                       |VGND                                       
VNB                                        |VNB                                        
---------------------------------------------------------------------------------------
Cell pin lists are equivalent.
Device classes sky130_fd_sc_hvl__lsbuflv2hv_1 and sky130_fd_sc_hvl__lsbuflv2hv_1 are equivalent.

Cell sky130_fd_sc_hvl__diode_2 (0) disconnected node: VGND
Cell sky130_fd_sc_hvl__diode_2 (0) disconnected node: VPB
Cell sky130_fd_sc_hvl__diode_2 (0) disconnected node: VPWR
Cell sky130_fd_sc_hvl__diode_2 (1) disconnected node: VGND
Cell sky130_fd_sc_hvl__diode_2 (1) disconnected node: VPB
Cell sky130_fd_sc_hvl__diode_2 (1) disconnected node: VPWR
Subcircuit summary:
Circuit 1: sky130_fd_sc_hvl__diode_2       |Circuit 2: sky130_fd_sc_hvl__diode_2       
-------------------------------------------|-------------------------------------------
sky130_fd_pr__diode_pw2nd_11v0 (1)         |sky130_fd_pr__diode_pw2nd_11v0 (1)         
Number of devices: 1                       |Number of devices: 1                       
Number of nets: 2                          |Number of nets: 2                          
---------------------------------------------------------------------------------------
Netlists match uniquely.

Subcircuit pins:
Circuit 1: sky130_fd_sc_hvl__diode_2       |Circuit 2: sky130_fd_sc_hvl__diode_2       
-------------------------------------------|-------------------------------------------
VNB                                        |VNB                                        
DIODE                                      |DIODE                                      
VGND                                       |VGND                                       
VPB                                        |VPB                                        
VPWR                                       |VPWR                                       
---------------------------------------------------------------------------------------
Cell pin lists are equivalent.
Device classes sky130_fd_sc_hvl__diode_2 and sky130_fd_sc_hvl__diode_2 are equivalent.

Subcircuit summary:
Circuit 1: sky130_ef_ip__scomp3v           |Circuit 2: sky130_ef_ip__scomp3v           
-------------------------------------------|-------------------------------------------
sky130_fd_pr__pfet_g5v0d10v5 (8->6)        |sky130_fd_pr__pfet_g5v0d10v5 (8->6)        
sky130_fd_pr__nfet_g5v0d10v5 (14->6)       |sky130_fd_pr__nfet_g5v0d10v5 (14->6)       
sky130_fd_pr__nfet_05v0_nvt (20->2)        |sky130_fd_pr__nfet_05v0_nvt (20->2)        
scomp_bias (1)                             |scomp_bias (1)                             
sky130_fd_sc_hvl__lsbuflv2hv_1 (1)         |sky130_fd_sc_hvl__lsbuflv2hv_1 (1)         
sky130_fd_sc_hvl__diode_2 (1)              |sky130_fd_sc_hvl__diode_2 (1)              
Number of devices: 17                      |Number of devices: 17                      
Number of nets: 17                         |Number of nets: 17                         
---------------------------------------------------------------------------------------
Netlists match uniquely.

Subcircuit pins:
Circuit 1: sky130_ef_ip__scomp3v           |Circuit 2: sky130_ef_ip__scomp3v           
-------------------------------------------|-------------------------------------------
VDD                                        |VDD                                        
DVSS                                       |DVSS                                       
ENA                                        |ENA                                        
DVDD                                       |DVDD                                       
VINP                                       |VINP                                       
VOUT                                       |VOUT                                       
VINM                                       |VINM                                       
VSS                                        |VSS                                        
---------------------------------------------------------------------------------------
Cell pin lists are equivalent.
Device classes sky130_ef_ip__scomp3v and sky130_ef_ip__scomp3v are equivalent.

Final result: Circuits match uniquely.
.
