
Circuit 1 cell sky130_fd_pr__pfet_g5v0d10v5 and Circuit 2 cell sky130_fd_pr__pfet_g5v0d10v5 are black boxes.
Warning: Equate pins:  cell sky130_fd_pr__pfet_g5v0d10v5 is a placeholder, treated as a black box.
Warning: Equate pins:  cell sky130_fd_pr__pfet_g5v0d10v5 is a placeholder, treated as a black box.

Subcircuit pins:
Circuit 1: sky130_fd_pr__pfet_g5v0d10v5    |Circuit 2: sky130_fd_pr__pfet_g5v0d10v5    
-------------------------------------------|-------------------------------------------
1                                          |1                                          
2                                          |2                                          
3                                          |3                                          
4                                          |4                                          
---------------------------------------------------------------------------------------
Cell pin lists are equivalent.
Device classes sky130_fd_pr__pfet_g5v0d10v5 and sky130_fd_pr__pfet_g5v0d10v5 are equivalent.

Circuit 1 cell sky130_fd_pr__nfet_g5v0d10v5 and Circuit 2 cell sky130_fd_pr__nfet_g5v0d10v5 are black boxes.
Warning: Equate pins:  cell sky130_fd_pr__nfet_g5v0d10v5 is a placeholder, treated as a black box.
Warning: Equate pins:  cell sky130_fd_pr__nfet_g5v0d10v5 is a placeholder, treated as a black box.

Subcircuit pins:
Circuit 1: sky130_fd_pr__nfet_g5v0d10v5    |Circuit 2: sky130_fd_pr__nfet_g5v0d10v5    
-------------------------------------------|-------------------------------------------
1                                          |1                                          
2                                          |2                                          
3                                          |3                                          
4                                          |4                                          
---------------------------------------------------------------------------------------
Cell pin lists are equivalent.
Device classes sky130_fd_pr__nfet_g5v0d10v5 and sky130_fd_pr__nfet_g5v0d10v5 are equivalent.

Circuit 1 cell sky130_fd_pr__res_high_po_1p41 and Circuit 2 cell sky130_fd_pr__res_high_po_1p41 are black boxes.
Warning: Equate pins:  cell sky130_fd_pr__res_high_po_1p41 is a placeholder, treated as a black box.
Warning: Equate pins:  cell sky130_fd_pr__res_high_po_1p41 is a placeholder, treated as a black box.

Subcircuit pins:
Circuit 1: sky130_fd_pr__res_high_po_1p41  |Circuit 2: sky130_fd_pr__res_high_po_1p41  
-------------------------------------------|-------------------------------------------
1                                          |1                                          
2                                          |2                                          
3                                          |3                                          
---------------------------------------------------------------------------------------
Cell pin lists are equivalent.
Device classes sky130_fd_pr__res_high_po_1p41 and sky130_fd_pr__res_high_po_1p41 are equivalent.

Circuit 1 cell sky130_fd_pr__nfet_01v8 and Circuit 2 cell sky130_fd_pr__nfet_01v8 are black boxes.
Warning: Equate pins:  cell sky130_fd_pr__nfet_01v8 is a placeholder, treated as a black box.
Warning: Equate pins:  cell sky130_fd_pr__nfet_01v8 is a placeholder, treated as a black box.

Subcircuit pins:
Circuit 1: sky130_fd_pr__nfet_01v8         |Circuit 2: sky130_fd_pr__nfet_01v8         
-------------------------------------------|-------------------------------------------
1                                          |1                                          
2                                          |2                                          
3                                          |3                                          
4                                          |4                                          
---------------------------------------------------------------------------------------
Cell pin lists are equivalent.
Device classes sky130_fd_pr__nfet_01v8 and sky130_fd_pr__nfet_01v8 are equivalent.

Circuit 1 cell sky130_fd_pr__pfet_01v8_hvt and Circuit 2 cell sky130_fd_pr__pfet_01v8_hvt are black boxes.
Warning: Equate pins:  cell sky130_fd_pr__pfet_01v8_hvt is a placeholder, treated as a black box.
Warning: Equate pins:  cell sky130_fd_pr__pfet_01v8_hvt is a placeholder, treated as a black box.

Subcircuit pins:
Circuit 1: sky130_fd_pr__pfet_01v8_hvt     |Circuit 2: sky130_fd_pr__pfet_01v8_hvt     
-------------------------------------------|-------------------------------------------
1                                          |1                                          
2                                          |2                                          
3                                          |3                                          
4                                          |4                                          
---------------------------------------------------------------------------------------
Cell pin lists are equivalent.
Device classes sky130_fd_pr__pfet_01v8_hvt and sky130_fd_pr__pfet_01v8_hvt are equivalent.

Circuit 1 cell sky130_fd_pr__diode_pw2nd_11v0 and Circuit 2 cell sky130_fd_pr__diode_pw2nd_11v0 are black boxes.
Warning: Equate pins:  cell sky130_fd_pr__diode_pw2nd_11v0 is a placeholder, treated as a black box.
Warning: Equate pins:  cell sky130_fd_pr__diode_pw2nd_11v0 is a placeholder, treated as a black box.

Subcircuit pins:
Circuit 1: sky130_fd_pr__diode_pw2nd_11v0  |Circuit 2: sky130_fd_pr__diode_pw2nd_11v0  
-------------------------------------------|-------------------------------------------
1                                          |1                                          
2                                          |2                                          
---------------------------------------------------------------------------------------
Cell pin lists are equivalent.
Device classes sky130_fd_pr__diode_pw2nd_11v0 and sky130_fd_pr__diode_pw2nd_11v0 are equivalent.

Class comparator_bias (0):  Merged 6 parallel devices.
Class comparator_bias (0):  Merged 6 series devices.
Subcircuit summary:
Circuit 1: comparator_bias                 |Circuit 2: comparator_bias                 
-------------------------------------------|-------------------------------------------
sky130_fd_pr__res_high_po_1p41 (7->1)      |sky130_fd_pr__res_high_po_1p41 (1)         
sky130_fd_pr__nfet_g5v0d10v5 (6)           |sky130_fd_pr__nfet_g5v0d10v5 (6)           
sky130_fd_pr__pfet_g5v0d10v5 (10->4)       |sky130_fd_pr__pfet_g5v0d10v5 (4)           
Number of devices: 11                      |Number of devices: 11                      
Number of nets: 8                          |Number of nets: 8                          
---------------------------------------------------------------------------------------
Netlists match uniquely.

Subcircuit pins:
Circuit 1: comparator_bias                 |Circuit 2: comparator_bias                 
-------------------------------------------|-------------------------------------------
ena3v3                                     |ena3v3                                     
VBN                                        |VBN                                        
VSS                                        |VSS                                        
VDD                                        |VDD                                        
VBP                                        |VBP                                        
---------------------------------------------------------------------------------------
Cell pin lists are equivalent.
Device classes comparator_bias and comparator_bias are equivalent.
Flattening unmatched subcell sky130_fd_pr__pfet_g5v0d10v5_58RHGH in circuit comparator_core_cload (0)(1 instance)
Flattening unmatched subcell sky130_fd_pr__nfet_g5v0d10v5_99SHXG in circuit comparator_core_cload (0)(1 instance)
Flattening unmatched subcell sky130_fd_pr__pfet_g5v0d10v5_HHDTQV in circuit comparator_core_cload (0)(1 instance)
Flattening unmatched subcell sky130_fd_pr__nfet_g5v0d10v5_H9Q64V in circuit comparator_core_cload (0)(1 instance)
Flattening unmatched subcell sky130_fd_pr__pfet_g5v0d10v5_SK4LJA in circuit comparator_core_cload (0)(2 instances)
Flattening unmatched subcell sky130_fd_pr__pfet_g5v0d10v5_VKQJ4Z in circuit comparator_core_cload (0)(1 instance)
Flattening unmatched subcell sky130_fd_pr__nfet_g5v0d10v5_CNFY23 in circuit comparator_core_cload (0)(2 instances)
Flattening unmatched subcell sky130_fd_pr__nfet_g5v0d10v5_FXMKC5 in circuit comparator_core_cload (0)(1 instance)
Flattening unmatched subcell sky130_fd_pr__pfet_g5v0d10v5_H998DU in circuit comparator_core_cload (0)(1 instance)

Class comparator_core_cload (0):  Merged 66 parallel devices.
Subcircuit summary:
Circuit 1: comparator_core_cload           |Circuit 2: comparator_core_cload           
-------------------------------------------|-------------------------------------------
sky130_fd_pr__pfet_g5v0d10v5 (49->16)      |sky130_fd_pr__pfet_g5v0d10v5 (40->16)      
sky130_fd_pr__nfet_g5v0d10v5 (49->16)      |sky130_fd_pr__nfet_g5v0d10v5 (41->16)      
Number of devices: 32                      |Number of devices: 32                      
Number of nets: 23                         |Number of nets: 23                         
---------------------------------------------------------------------------------------
Netlists match uniquely.

Subcircuit pins:
Circuit 1: comparator_core_cload           |Circuit 2: comparator_core_cload           
-------------------------------------------|-------------------------------------------
VBP                                        |VBP                                        
VBN                                        |VBN                                        
VINP                                       |VINP                                       
VINM                                       |VINM                                       
VOUT                                       |VOUT                                       
CLOAD                                      |CLOAD                                      
DVDD                                       |DVDD                                       
ena3v3                                     |ena3v3                                     
VSS                                        |VSS                                        
VDD                                        |VDD                                        
---------------------------------------------------------------------------------------
Cell pin lists are equivalent.
Device classes comparator_core_cload and comparator_core_cload are equivalent.

Class sky130_fd_sc_hvl__lsbuflv2hv_1 (0):  Merged 8 parallel devices.
Class sky130_fd_sc_hvl__lsbuflv2hv_1 (1):  Merged 8 parallel devices.
Subcircuit summary:
Circuit 1: sky130_fd_sc_hvl__lsbuflv2hv_1  |Circuit 2: sky130_fd_sc_hvl__lsbuflv2hv_1  
-------------------------------------------|-------------------------------------------
sky130_fd_pr__nfet_g5v0d10v5 (12->4)       |sky130_fd_pr__nfet_g5v0d10v5 (12->4)       
sky130_fd_pr__pfet_g5v0d10v5 (4)           |sky130_fd_pr__pfet_g5v0d10v5 (4)           
sky130_fd_pr__nfet_01v8 (2)                |sky130_fd_pr__nfet_01v8 (2)                
sky130_fd_pr__pfet_01v8_hvt (2)            |sky130_fd_pr__pfet_01v8_hvt (2)            
Number of devices: 12                      |Number of devices: 12                      
Number of nets: 12                         |Number of nets: 12                         
---------------------------------------------------------------------------------------
Netlists match uniquely.

Subcircuit pins:
Circuit 1: sky130_fd_sc_hvl__lsbuflv2hv_1  |Circuit 2: sky130_fd_sc_hvl__lsbuflv2hv_1  
-------------------------------------------|-------------------------------------------
VPWR                                       |VPWR                                       
VPB                                        |VPB                                        
LVPWR                                      |LVPWR                                      
X                                          |X                                          
A                                          |A                                          
VGND                                       |VGND                                       
VNB                                        |VNB                                        
---------------------------------------------------------------------------------------
Cell pin lists are equivalent.
Device classes sky130_fd_sc_hvl__lsbuflv2hv_1 and sky130_fd_sc_hvl__lsbuflv2hv_1 are equivalent.

Cell sky130_fd_sc_hvl__diode_2 (0) disconnected node: VGND
Cell sky130_fd_sc_hvl__diode_2 (0) disconnected node: VPB
Cell sky130_fd_sc_hvl__diode_2 (0) disconnected node: VPWR
Cell sky130_fd_sc_hvl__diode_2 (1) disconnected node: VGND
Cell sky130_fd_sc_hvl__diode_2 (1) disconnected node: VPB
Cell sky130_fd_sc_hvl__diode_2 (1) disconnected node: VPWR
Subcircuit summary:
Circuit 1: sky130_fd_sc_hvl__diode_2       |Circuit 2: sky130_fd_sc_hvl__diode_2       
-------------------------------------------|-------------------------------------------
sky130_fd_pr__diode_pw2nd_11v0 (1)         |sky130_fd_pr__diode_pw2nd_11v0 (1)         
Number of devices: 1                       |Number of devices: 1                       
Number of nets: 2                          |Number of nets: 2                          
---------------------------------------------------------------------------------------
Netlists match uniquely.

Subcircuit pins:
Circuit 1: sky130_fd_sc_hvl__diode_2       |Circuit 2: sky130_fd_sc_hvl__diode_2       
-------------------------------------------|-------------------------------------------
VNB                                        |VNB                                        
DIODE                                      |DIODE                                      
VGND                                       |VGND                                       
VPB                                        |VPB                                        
VPWR                                       |VPWR                                       
---------------------------------------------------------------------------------------
Cell pin lists are equivalent.
Device classes sky130_fd_sc_hvl__diode_2 and sky130_fd_sc_hvl__diode_2 are equivalent.

Subcircuit summary:
Circuit 1: sky130_fd_sc_hvl__decap_4       |Circuit 2: sky130_fd_sc_hvl__decap_4       
-------------------------------------------|-------------------------------------------
sky130_fd_pr__nfet_g5v0d10v5 (1)           |sky130_fd_pr__nfet_g5v0d10v5 (1)           
sky130_fd_pr__pfet_g5v0d10v5 (1)           |sky130_fd_pr__pfet_g5v0d10v5 (1)           
Number of devices: 2                       |Number of devices: 2                       
Number of nets: 4                          |Number of nets: 4                          
---------------------------------------------------------------------------------------
Netlists match uniquely.

Subcircuit pins:
Circuit 1: sky130_fd_sc_hvl__decap_4       |Circuit 2: sky130_fd_sc_hvl__decap_4       
-------------------------------------------|-------------------------------------------
VNB                                        |VNB                                        
VPB                                        |VPB                                        
VGND                                       |VGND                                       
VPWR                                       |VPWR                                       
---------------------------------------------------------------------------------------
Cell pin lists are equivalent.
Device classes sky130_fd_sc_hvl__decap_4 and sky130_fd_sc_hvl__decap_4 are equivalent.

Subcircuit summary:
Circuit 1: sky130_ef_ip__ccomp3v_cl        |Circuit 2: sky130_ef_ip__ccomp3v_cl        
-------------------------------------------|-------------------------------------------
comparator_bias (1)                        |comparator_bias (1)                        
comparator_core_cload (1)                  |comparator_core_cload (1)                  
sky130_fd_sc_hvl__lsbuflv2hv_1 (1)         |sky130_fd_sc_hvl__lsbuflv2hv_1 (1)         
sky130_fd_sc_hvl__diode_2 (1)              |sky130_fd_sc_hvl__diode_2 (1)              
sky130_fd_sc_hvl__decap_4 (1)              |sky130_fd_sc_hvl__decap_4 (1)              
Number of devices: 5                       |Number of devices: 5                       
Number of nets: 12                         |Number of nets: 12                         
---------------------------------------------------------------------------------------
Netlists match uniquely.

Subcircuit pins:
Circuit 1: sky130_ef_ip__ccomp3v_cl        |Circuit 2: sky130_ef_ip__ccomp3v_cl        
-------------------------------------------|-------------------------------------------
DVSS                                       |DVSS                                       
VINP                                       |VINP                                       
VOUT                                       |VOUT                                       
VINM                                       |VINM                                       
CLOAD                                      |CLOAD                                      
VDD                                        |VDD                                        
VSS                                        |VSS                                        
DVDD                                       |DVDD                                       
ENA                                        |ENA                                        
---------------------------------------------------------------------------------------
Cell pin lists are equivalent.
Device classes sky130_ef_ip__ccomp3v_cl and sky130_ef_ip__ccomp3v_cl are equivalent.

Final result: Circuits match uniquely.
.
